<?xml version="1.0" encoding="UTF-8"?>
<testsuite xmlns:xsi="http://www.w3.org/2001/XMLSchema-instance" xsi:noNamespaceSchemaLocation="https://maven.apache.org/surefire/maven-surefire-plugin/xsd/surefire-test-report-3.0.xsd" version="3.0" name="Calculator Functionality" time="29.387" tests="3" errors="0" skipped="0" failures="0">
  <properties>
[...]
</properties>
  <testcase name="Test Case to verify Calculator functionality with multiple data #1" classname="Calculator Functionality" time="12.805">
    <system-out><![CDATA[
@Data_Driven
Scenario Outline: Test Case to verify Calculator functionality with multiple data # Feature/DataDrivenTest.feature:11
  Given Open chrome and navigate to calculate page                                # com.selenium.cucmber.stepdef.DataDrivenTest.open_chrome_and_navigate_to_calculate_page()
  When Enter two numbers "4" and "3" with operator "+"                            # com.selenium.cucmber.stepdef.DataDrivenTest.enter_two_numbers_and_with_operator(java.lang.String,java.lang.String,java.lang.String)
  Then Validate output "7"                                                        # com.selenium.cucmber.stepdef.DataDrivenTest.validate_output(java.lang.String)
]]></system-out>
    <system-err><![CDATA[SLF4J: Failed to load class "org.slf4j.impl.StaticLoggerBinder".
SLF4J: Defaulting to no-operation (NOP) logger implementation
SLF4J: See http://www.slf4j.org/codes.html#StaticLoggerBinder for further details.
Starting ChromeDriver 90.0.4430.24 (4c6d850f087da467d926e8eddb76550aed655991-refs/branch-heads/4430@{#429}) on port 30774
Only local connections are allowed.
Please see https://chromedriver.chromium.org/security-considerations for suggestions on keeping ChromeDriver safe.
ChromeDriver was started successfully.
May 15, 2021 4:58:23 PM org.openqa.selenium.remote.ProtocolHandshake createSession
INFO: Detected dialect: W3C
]]></system-err>
  </testcase>
  <testcase name="Test Case to verify Calculator functionality with multiple data #2" classname="Calculator Functionality" time="7.677">
    <system-out><![CDATA[
@Data_Driven
Scenario Outline: Test Case to verify Calculator functionality with multiple data # Feature/DataDrivenTest.feature:12
  Given Open chrome and navigate to calculate page                                # com.selenium.cucmber.stepdef.DataDrivenTest.open_chrome_and_navigate_to_calculate_page()
  When Enter two numbers "8" and "2" with operator "-"                            # com.selenium.cucmber.stepdef.DataDrivenTest.enter_two_numbers_and_with_operator(java.lang.String,java.lang.String,java.lang.String)
  Then Validate output "6"                                                        # com.selenium.cucmber.stepdef.DataDrivenTest.validate_output(java.lang.String)
]]></system-out>
    <system-err><![CDATA[Starting ChromeDriver 90.0.4430.24 (4c6d850f087da467d926e8eddb76550aed655991-refs/branch-heads/4430@{#429}) on port 9673
Only local connections are allowed.
Please see https://chromedriver.chromium.org/security-considerations for suggestions on keeping ChromeDriver safe.
ChromeDriver was started successfully.
May 15, 2021 4:58:31 PM org.openqa.selenium.remote.ProtocolHandshake createSession
INFO: Detected dialect: W3C
]]></system-err>
  </testcase>
  <testcase name="Test Case to verify Calculator functionality with multiple data #3" classname="Calculator Functionality" time="8.723">
    <system-out><![CDATA[
@Data_Driven
Scenario Outline: Test Case to verify Calculator functionality with multiple data # Feature/DataDrivenTest.feature:13
  Given Open chrome and navigate to calculate page                                # com.selenium.cucmber.stepdef.DataDrivenTest.open_chrome_and_navigate_to_calculate_page()
  When Enter two numbers "3" and "4" with operator "*"                            # com.selenium.cucmber.stepdef.DataDrivenTest.enter_two_numbers_and_with_operator(java.lang.String,java.lang.String,java.lang.String)
  Then Validate output "12"                                                       # com.selenium.cucmber.stepdef.DataDrivenTest.validate_output(java.lang.String)
]]></system-out>
    <system-err><![CDATA[Starting ChromeDriver 90.0.4430.24 (4c6d850f087da467d926e8eddb76550aed655991-refs/branch-heads/4430@{#429}) on port 10638
Only local connections are allowed.
Please see https://chromedriver.chromium.org/security-considerations for suggestions on keeping ChromeDriver safe.
ChromeDriver was started successfully.
May 15, 2021 4:58:39 PM org.openqa.selenium.remote.ProtocolHandshake createSession
INFO: Detected dialect: W3C
]]></system-err>
  </testcase>
</testsuite>